17:03:16.678 [main] ERROR common.io.LogUtil -
java.io.FileNotFoundException: zz (The system cannot find the file specified)
	at java.base/java.io.FileInputStream.open0(Native Method)
	at java.base/java.io.FileInputStream.open(FileInputStream.java:216)
	at java.base/java.io.FileInputStream.<init>(FileInputStream.java:157)
	at java.base/java.io.FileInputStream.<init>(FileInputStream.java:111)
	at common.input.io.InputReader.setReader(InputReader.java:19)
	at read_mode.FileReaderMode.executeMode(FileReaderMode.java:101)
	at read_mode.ModeManager.call(ModeManager.java:29)
	at server.iostream.Handler.process(Handler.java:107)
	at server.iostream.Handler.run(Handler.java:65)
	at Server.main(Server.java:13)
09:25:38.371 [main] ERROR common.io.LogUtil -
java.io.FileNotFoundException: abc (The system cannot find the file specified)
	at java.base/java.io.FileInputStream.open0(Native Method)
	at java.base/java.io.FileInputStream.open(FileInputStream.java:216)
	at java.base/java.io.FileInputStream.<init>(FileInputStream.java:157)
	at java.base/java.io.FileInputStream.<init>(FileInputStream.java:111)
	at common.input.io.InputReader.setReader(InputReader.java:19)
	at read_mode.FileReaderMode.executeMode(FileReaderMode.java:101)
	at read_mode.ModeManager.call(ModeManager.java:29)
	at server.iostream.Handler.process(Handler.java:107)
	at server.iostream.Handler.run(Handler.java:65)
	at Server.main(Server.java:13)
25-06-09 09:27:09.162 [main] ERROR common.io.LogUtil -
java.io.FileNotFoundException: abc (The system cannot find the file specified)
	at java.base/java.io.FileInputStream.open0(Native Method)
	at java.base/java.io.FileInputStream.open(FileInputStream.java:216)
	at java.base/java.io.FileInputStream.<init>(FileInputStream.java:157)
	at java.base/java.io.FileInputStream.<init>(FileInputStream.java:111)
	at common.input.io.InputReader.setReader(InputReader.java:19)
	at read_mode.FileReaderMode.executeMode(FileReaderMode.java:101)
	at read_mode.ModeManager.call(ModeManager.java:29)
	at server.iostream.Handler.process(Handler.java:107)
	at server.iostream.Handler.run(Handler.java:65)
	at Server.main(Server.java:13)
