13-06-25 01:09:44.080 [main] ERROR client_error - 
java.net.PortUnreachableException: null
	at java.base/sun.nio.ch.DatagramChannelImpl.receive0(Native Method)
	at java.base/sun.nio.ch.DatagramChannelImpl.receiveIntoNativeBuffer(DatagramChannelImpl.java:750)
	at java.base/sun.nio.ch.DatagramChannelImpl.receive(DatagramChannelImpl.java:736)
	at java.base/sun.nio.ch.DatagramChannelImpl.receive(DatagramChannelImpl.java:543)
	at client.network.ClientNetwork.getResponse(ClientNetwork.java:77)
	at client.network.ClientNetwork.respond(ClientNetwork.java:53)
	at client.iostream.Controller.process(Controller.java:74)
	at client.iostream.Controller.run(Controller.java:49)
	at Client.main(Client.java:13)
13-06-25 01:34:32.361 [main] ERROR client_error - 
java.net.PortUnreachableException: null
	at java.base/sun.nio.ch.DatagramChannelImpl.receive0(Native Method)
	at java.base/sun.nio.ch.DatagramChannelImpl.receiveIntoNativeBuffer(DatagramChannelImpl.java:750)
	at java.base/sun.nio.ch.DatagramChannelImpl.receive(DatagramChannelImpl.java:736)
	at java.base/sun.nio.ch.DatagramChannelImpl.receive(DatagramChannelImpl.java:543)
	at client.network.ClientNetwork.getResponse(ClientNetwork.java:77)
	at client.network.ClientNetwork.respond(ClientNetwork.java:53)
	at client.iostream.Controller.process(Controller.java:74)
	at client.iostream.Controller.run(Controller.java:49)
	at Client.main(Client.java:13)
13-06-25 01:34:35.035 [main] ERROR client_error - 
java.net.PortUnreachableException: null
	at java.base/sun.nio.ch.DatagramChannelImpl.receive0(Native Method)
	at java.base/sun.nio.ch.DatagramChannelImpl.receiveIntoNativeBuffer(DatagramChannelImpl.java:750)
	at java.base/sun.nio.ch.DatagramChannelImpl.receive(DatagramChannelImpl.java:736)
	at java.base/sun.nio.ch.DatagramChannelImpl.receive(DatagramChannelImpl.java:543)
	at client.network.ClientNetwork.getResponse(ClientNetwork.java:77)
	at client.network.ClientNetwork.respond(ClientNetwork.java:53)
	at client.iostream.Controller.process(Controller.java:74)
	at client.iostream.Controller.run(Controller.java:49)
	at Client.main(Client.java:13)
13-06-25 01:34:35.855 [main] ERROR client_error - 
java.net.PortUnreachableException: null
	at java.base/sun.nio.ch.DatagramChannelImpl.receive0(Native Method)
	at java.base/sun.nio.ch.DatagramChannelImpl.receiveIntoNativeBuffer(DatagramChannelImpl.java:750)
	at java.base/sun.nio.ch.DatagramChannelImpl.receive(DatagramChannelImpl.java:736)
	at java.base/sun.nio.ch.DatagramChannelImpl.receive(DatagramChannelImpl.java:543)
	at client.network.ClientNetwork.getResponse(ClientNetwork.java:77)
	at client.network.ClientNetwork.respond(ClientNetwork.java:53)
	at client.iostream.Controller.process(Controller.java:74)
	at client.iostream.Controller.run(Controller.java:49)
	at Client.main(Client.java:13)
13-06-25 01:34:36.517 [main] ERROR client_error - 
java.net.PortUnreachableException: null
	at java.base/sun.nio.ch.DatagramChannelImpl.receive0(Native Method)
	at java.base/sun.nio.ch.DatagramChannelImpl.receiveIntoNativeBuffer(DatagramChannelImpl.java:750)
	at java.base/sun.nio.ch.DatagramChannelImpl.receive(DatagramChannelImpl.java:736)
	at java.base/sun.nio.ch.DatagramChannelImpl.receive(DatagramChannelImpl.java:543)
	at client.network.ClientNetwork.getResponse(ClientNetwork.java:77)
	at client.network.ClientNetwork.respond(ClientNetwork.java:53)
	at client.iostream.Controller.process(Controller.java:74)
	at client.iostream.Controller.run(Controller.java:49)
	at Client.main(Client.java:13)
13-06-25 01:34:37.183 [main] ERROR client_error - 
java.net.PortUnreachableException: null
	at java.base/sun.nio.ch.DatagramChannelImpl.receive0(Native Method)
	at java.base/sun.nio.ch.DatagramChannelImpl.receiveIntoNativeBuffer(DatagramChannelImpl.java:750)
	at java.base/sun.nio.ch.DatagramChannelImpl.receive(DatagramChannelImpl.java:736)
	at java.base/sun.nio.ch.DatagramChannelImpl.receive(DatagramChannelImpl.java:543)
	at client.network.ClientNetwork.getResponse(ClientNetwork.java:77)
	at client.network.ClientNetwork.respond(ClientNetwork.java:53)
	at client.iostream.Controller.process(Controller.java:74)
	at client.iostream.Controller.run(Controller.java:49)
	at Client.main(Client.java:13)
13-06-25 01:49:34.305 [main] ERROR client_error - 
java.io.NotSerializableException: common.objects.Flat
	at java.base/java.io.ObjectOutputStream.writeObject0(ObjectOutputStream.java:1197)
	at java.base/java.io.ObjectOutputStream.defaultWriteFields(ObjectOutputStream.java:1582)
	at java.base/java.io.ObjectOutputStream.writeSerialData(ObjectOutputStream.java:1539)
	at java.base/java.io.ObjectOutputStream.writeOrdinaryObject(ObjectOutputStream.java:1448)
	at java.base/java.io.ObjectOutputStream.writeObject0(ObjectOutputStream.java:1191)
	at java.base/java.io.ObjectOutputStream.writeObject(ObjectOutputStream.java:354)
	at client.network.ClientNetwork.sendPacket(ClientNetwork.java:63)
	at client.network.ClientNetwork.respond(ClientNetwork.java:52)
	at client.read_mode.ConsoleReaderMode.execute(ConsoleReaderMode.java:114)
	at client.read_mode.ModeManager.call(ModeManager.java:32)
	at client.iostream.Controller.process(Controller.java:72)
	at client.iostream.Controller.run(Controller.java:49)
	at Client.main(Client.java:13)
13-06-25 01:55:46.053 [main] ERROR client_error - 
java.io.NotSerializableException: common.objects.Flat
	at java.base/java.io.ObjectOutputStream.writeObject0(ObjectOutputStream.java:1197)
	at java.base/java.io.ObjectOutputStream.defaultWriteFields(ObjectOutputStream.java:1582)
	at java.base/java.io.ObjectOutputStream.writeSerialData(ObjectOutputStream.java:1539)
	at java.base/java.io.ObjectOutputStream.writeOrdinaryObject(ObjectOutputStream.java:1448)
	at java.base/java.io.ObjectOutputStream.writeObject0(ObjectOutputStream.java:1191)
	at java.base/java.io.ObjectOutputStream.writeObject(ObjectOutputStream.java:354)
	at client.network.ClientNetwork.sendPacket(ClientNetwork.java:63)
	at client.network.ClientNetwork.respond(ClientNetwork.java:52)
	at client.read_mode.ConsoleReaderMode.execute(ConsoleReaderMode.java:114)
	at client.read_mode.ModeManager.call(ModeManager.java:32)
	at client.iostream.Controller.process(Controller.java:72)
	at client.iostream.Controller.run(Controller.java:49)
	at Client.main(Client.java:13)
13-06-25 01:58:18.602 [main] ERROR client_error - 
java.io.NotSerializableException: common.objects.Coordinates
	at java.base/java.io.ObjectOutputStream.writeObject0(ObjectOutputStream.java:1197)
	at java.base/java.io.ObjectOutputStream.defaultWriteFields(ObjectOutputStream.java:1582)
	at java.base/java.io.ObjectOutputStream.writeSerialData(ObjectOutputStream.java:1539)
	at java.base/java.io.ObjectOutputStream.writeOrdinaryObject(ObjectOutputStream.java:1448)
	at java.base/java.io.ObjectOutputStream.writeObject0(ObjectOutputStream.java:1191)
	at java.base/java.io.ObjectOutputStream.defaultWriteFields(ObjectOutputStream.java:1582)
	at java.base/java.io.ObjectOutputStream.writeSerialData(ObjectOutputStream.java:1539)
	at java.base/java.io.ObjectOutputStream.writeOrdinaryObject(ObjectOutputStream.java:1448)
	at java.base/java.io.ObjectOutputStream.writeObject0(ObjectOutputStream.java:1191)
	at java.base/java.io.ObjectOutputStream.writeObject(ObjectOutputStream.java:354)
	at client.network.ClientNetwork.sendPacket(ClientNetwork.java:63)
	at client.network.ClientNetwork.respond(ClientNetwork.java:52)
	at client.read_mode.ConsoleReaderMode.execute(ConsoleReaderMode.java:114)
	at client.read_mode.ModeManager.call(ModeManager.java:32)
	at client.iostream.Controller.process(Controller.java:72)
	at client.iostream.Controller.run(Controller.java:49)
	at Client.main(Client.java:13)
13-06-25 02:00:46.838 [main] ERROR client_error - 
java.io.FileNotFoundException: src\main\resources\client\script1.txt (The system cannot find the file specified)
	at java.base/java.io.FileInputStream.open0(Native Method)
	at java.base/java.io.FileInputStream.open(FileInputStream.java:216)
	at java.base/java.io.FileInputStream.<init>(FileInputStream.java:157)
	at java.base/java.io.FileInputStream.<init>(FileInputStream.java:111)
	at common.data_processors.input.InputReader.setReader(InputReader.java:20)
	at client.read_mode.FileReaderMode.seekForward(FileReaderMode.java:138)
	at client.read_mode.FileReaderMode.execute(FileReaderMode.java:104)
	at client.read_mode.ModeManager.call(ModeManager.java:32)
	at client.iostream.Controller.process(Controller.java:72)
	at client.iostream.Controller.run(Controller.java:49)
	at Client.main(Client.java:13)
